C51 COMPILER V9.55   ADC_INIT                                                              12/25/2017 10:31:24 PAGE 1   


C51 COMPILER V9.55, COMPILATION OF MODULE ADC_INIT
OBJECT MODULE PLACED IN ADC_Init.obj
COMPILER INVOKED BY: C:\Keil_v5\C51\BIN\C51.EXE c\ADC_Init.c OPTIMIZE(8,SPEED) BROWSE DEBUG OBJECTEXTEND PRINT(.\ADC_Ini
                    -t.lst) TABS(2) OBJECT(ADC_Init.obj)

line level    source

   1          #include "H/Function_Init.H"
   2          
   3          void ADC_Init(int Channel);
   4          unsigned int ADCValue = 0x0000;
   5          bit AdcFlag = 0;
   6          enum Channel {AIN0=0,AIN1,AIN2,AIN3,AIN4,AIN5,AIN6,AIN7,AIN8,AIN9,AIN10,AIN11,AIN12,AIN13,AIN14,AIN15,VDD4
             -=31};
   7          /*****************************************************
   8          *函数名称：void ADC_Init(void)
   9          *函数功能：ADC初始化
  10          *入口参数：void
  11          *出口参数：void
  12          *****************************************************/
  13          void ADC_Test(void)
  14          {
  15   1        ADC_Init(AIN9);
  16   1        while(1)
  17   1        {
  18   2          ADCCON |= 0X40;   //开始ADC转换
*** ERROR C202 IN LINE 18 OF c\ADC_Init.c: 'ADCCON': undefined identifier
  19   2          while(!AdcFlag);               //等待 ADC转换完成;
  20   2          AdcFlag = 0;
  21   2          ADCValue=(ADCVH<<4)+(ADCVL>>4);
*** ERROR C202 IN LINE 21 OF c\ADC_Init.c: 'ADCVH': undefined identifier
  22   2        }
  23   1      }
  24          /*****************************************************
  25          *函数名称：void ADC_Init(void)
  26          *函数功能：ADC初始化
  27          *入口参数：void
  28          *出口参数：void
  29          *****************************************************/
  30          void ADC_Init(int Channel)
  31          {
  32   1        ADCCON = 0X80|Channel;    //开启ADC，ADC采样频率为2M ,选择Channel位ADC采样口
*** ERROR C202 IN LINE 32 OF c\ADC_Init.c: 'ADCCON': undefined identifier
  33   1        if(Channel<8)
  34   1        {
  35   2          ADCCFG0 = 1<<Channel;   //设置Channel作为采样口
*** ERROR C202 IN LINE 35 OF c\ADC_Init.c: 'ADCCFG0': undefined identifier
  36   2        }
  37   1        else
  38   1        {
  39   2          ADCCFG1 = 1<<(Channel-8);   //设置Channel作为采样口
*** ERROR C202 IN LINE 39 OF c\ADC_Init.c: 'ADCCFG1': undefined identifier
  40   2        }
  41   1        IE = 0X40;        //开启ADC中断
  42   1        EA = 1;
  43   1      }
  44          
  45          
  46          void ADC_Interrupt(void) interrupt 6
  47          {
  48   1        ADCCON&=~(0X20);  //清中断标志位
C51 COMPILER V9.55   ADC_INIT                                                              12/25/2017 10:31:24 PAGE 2   

*** ERROR C202 IN LINE 48 OF c\ADC_Init.c: 'ADCCON': undefined identifier
  49   1        AdcFlag = 1;
  50   1      }

C51 COMPILATION COMPLETE.  0 WARNING(S),  6 ERROR(S)
