C51 COMPILER V9.55   LCD_INIT                                                              12/22/2017 16:45:37 PAGE 1   


C51 COMPILER V9.55, COMPILATION OF MODULE LCD_INIT
OBJECT MODULE PLACED IN LCD_Init.obj
COMPILER INVOKED BY: C:\Keil_v5\C51\BIN\C51.EXE c\LCD_Init.c OPTIMIZE(8,SPEED) BROWSE DEBUG OBJECTEXTEND PRINT(.\LCD_Ini
                    -t.lst) TABS(2) OBJECT(LCD_Init.obj)

line level    source

   1          #include "H/Function_Init.H"
   2          
   3          unsigned char xdata LCDRAM[30]  _at_  0x700;
   4          void LCD_Init(void);
   5          void LED_Init(void);
   6          
   7          /*****************************************************
   8          *函数名称：void LCD_Test(void)
   9          *函数功能：LCD测试
  10          *入口参数：void
  11          *出口参数：void
  12          *****************************************************/
  13          void LCD_LED_Test(void)
  14          {
  15   1        LCD_Init();
  16   1      //  LED_Init();
  17   1        while(1)
  18   1        {
  19   2        }
  20   1      }
  21          /*****************************************************
  22          *函数名称：void LCD_Init(void)
  23          *函数功能：LCD初始化
  24          *入口参数：void
  25          *出口参数：void
  26          *****************************************************/
  27          void LCD_Init(void)
  28          {
  29   1        unsigned int i;
  30   1        unsigned char number = 0xFF;
  31   1        DDRCON = 0x80;    //-xyy zzzz  x:LCD/LED模式 y:占空比  z:LCD电压调节
  32   1        DDRCON |= 0x40;
  33   1        P0VO = number;
  34   1        P1VO = number;
  35   1        P2VO = number;
  36   1        P3VO = number;
  37   1        OTCON = 0x06;    //---- xxyz  x:LCD分压电阻 y:复位管脚选择 z:LCD偏置电压
  38   1        for(i=0; i<29; i++)
  39   1        {
  40   2          LCDRAM[i] = 0xff;
  41   2        }
  42   1      }
  43          
  44          /*****************************************************
  45          *函数名称：void LED_Init(void)
  46          *函数功能：LED初始化
  47          *入口参数：void
  48          *出口参数：void
  49          *****************************************************/
  50          void LED_Init(void)
  51          {
  52   1        unsigned int i;
  53   1        unsigned char number = 0xff;
  54   1        DDRCON = 0xC0;    //-xyy zzzz  x:LCD/LED模式 y:占空比1/8:00 1/6:01 1/5:10 1/4:11  z:LCD电压调节      
C51 COMPILER V9.55   LCD_INIT                                                              12/22/2017 16:45:37 PAGE 2   

  55   1        P0VO = number;
  56   1        P1VO = number;
  57   1        P2VO = number;
  58   1        P3VO = number;
  59   1        OTCON = 0x00;    //---- xxyz  x:LCD分压电阻 y:复位管脚选择 z:LCD偏置电压
  60   1        for(i=0; i<29; i++)
  61   1        {
  62   2          LCDRAM[i] = 0xff;   
  63   2        } 
  64   1      }


MODULE INFORMATION:   STATIC OVERLAYABLE
   CODE SIZE        =     67    ----
   CONSTANT SIZE    =   ----    ----
   XDATA SIZE       =   ----    ----
   PDATA SIZE       =   ----    ----
   DATA SIZE        =   ----    ----
   IDATA SIZE       =   ----    ----
   BIT SIZE         =   ----    ----
END OF MODULE INFORMATION.


C51 COMPILATION COMPLETE.  0 WARNING(S),  0 ERROR(S)
