C51 COMPILER V9.55   EX_INIT                                                               12/28/2017 11:01:49 PAGE 1   


C51 COMPILER V9.55, COMPILATION OF MODULE EX_INIT
OBJECT MODULE PLACED IN EX_Init.obj
COMPILER INVOKED BY: C:\Keil_v5\C51\BIN\C51.EXE c\EX_Init.c OPTIMIZE(8,SPEED) BROWSE DEBUG OBJECTEXTEND PRINT(.\EX_Init.
                    -lst) TABS(2) OBJECT(EX_Init.obj)

line level    source

   1          #include "H/Function_Init.H"
   2          
   3          void EX_Init(void);
   4          
   5          /*****************************************************
   6          *函数名称：void EXTI_Test(void)
   7          *函数功能：外部中断测试
   8          *入口参数：void
   9          *出口参数：void
  10          *****************************************************/
  11          void EXTI_Test(void)
  12          {
  13   1        EX_Init();
  14   1        while(1)
  15   1        {
  16   2        }
  17   1      }
  18          /*****************************************************
  19          *函数名称：void EX_Init(void)
  20          *函数功能：外部中断初始化
  21          *入口参数：void
  22          *出口参数：void
  23          *****************************************************/
  24          void EX_Init(void)
  25          { 
  26   1        P0CON&= 0XCF;     //中断IO口设置为高阻输入
  27   1        P0PH |= 0x30;
  28   1        P1CON&= 0XF1;     //中断IO口设置为高阻输入
  29   1        P1PH |= 0x0E;
  30   1        P2CON&= 0XFC;     //中断IO口设置为高阻输入
  31   1        P2PH |= 0x03;
  32   1      
  33   1        INT0F = 0X0E ;//xxxx 0000  0关闭 1使能
  34   1        INT2F = 0X33 ;//0000 xxxx  0关闭 1使能  
  35   1        INT0R = 0X0E ;//xxxx 0000  0关闭 1使能
  36   1        INT2R = 0X33 ;//0000 xxxx  0关闭 1使能  
  37   1        
  38   1        //测试全部外部中断功能
  39   1        IE |= 0x01; //0000 0x0x
  40   1        IE1|= 0x08; //0000 x000  INT2使能
  41   1        IP |= 0X00; //优先级设置
  42   1        IP1|= 0X00;
  43   1        EA = 1;
  44   1      }
  45          
  46          /*****************************************************
  47          *函数名称：void EX0/1/2() interrupt 0/2/10
  48          *函数功能：外部中断初始化
  49          *入口参数：void
  50          *出口参数：void
  51          *****************************************************/
  52          void EX0() interrupt  0
  53          {
  54   1         P02 = ~P02;
C51 COMPILER V9.55   EX_INIT                                                               12/28/2017 11:01:49 PAGE 2   

  55   1      }
  56          
  57          void EX2() interrupt  10
  58          {
  59   1         P04 = ~P04;
  60   1      }


MODULE INFORMATION:   STATIC OVERLAYABLE
   CODE SIZE        =     50    ----
   CONSTANT SIZE    =   ----    ----
   XDATA SIZE       =   ----    ----
   PDATA SIZE       =   ----    ----
   DATA SIZE        =   ----    ----
   IDATA SIZE       =   ----    ----
   BIT SIZE         =   ----    ----
END OF MODULE INFORMATION.


C51 COMPILATION COMPLETE.  0 WARNING(S),  0 ERROR(S)
