C51 COMPILER V9.55   IAP_INIT                                                              03/07/2018 11:25:00 PAGE 1   


C51 COMPILER V9.55, COMPILATION OF MODULE IAP_INIT
OBJECT MODULE PLACED IN IAP_Init.obj
COMPILER INVOKED BY: C:\Keil_v5\C51\BIN\C51.EXE c\IAP_Init.c OPTIMIZE(8,SPEED) BROWSE DEBUG OBJECTEXTEND PRINT(.\IAP_Ini
                    -t.lst) TABS(2) OBJECT(IAP_Init.obj)

line level    source

   1          #include "H/Function_Init.H"
   2          
   3          //#define IapROM  0x00    //0x00：选择ROM区操作  0x02：选择EEPROM区操作
   4          //#define IapEPPROM  0x02   //0x00：选择ROM区操作  0x02：选择EEPROM区操作
   5          unsigned char code *IapAddr=0x00;
   6          
   7          void IAPWrite(uint Addr,uchar Data,uchar IapTotal);
   8          uchar IAPRead(uint Addr,uchar IapTotal);
   9          uchar IapReadData=0x00;   //存放读取的IAP数据
  10          
  11          /*****************************************************
  12          *函数名称：void IAP_Test(void)
  13          *函数功能：IAP测试
  14          *入口参数：void
  15          *出口参数：void
  16          *****************************************************/
  17          void IAP_Test(int Address,uchar IapTotal)
  18          {
  19   1        IAPWrite(Address,0xff,IapTotal);
  20   1        IapReadData=IAPRead(Address,IapTotal);
  21   1        while(1)
  22   1        {
  23   2          if(IapReadData == 0xff)
  24   2          {
  25   3            P00 = ~P00;
  26   3          }
  27   2          else
  28   2          {
  29   3            P01 = ~P01;
  30   3          }
  31   2        }
  32   1      }
  33          
  34          /*****************************************************
  35          *函数名称：void IAP_Init(void)
  36          *函数功能：IAP初始化
  37          *入口参数：void
  38          *出口参数：void
  39          *****************************************************/
  40          //IAP写操作
  41          void IAPWrite(uint Addr,uchar Data,uchar IapTotal)
  42          { 
  43   1        EA = 0;
  44   1        IAPDAT=Data;      //写入数据Data
  45   1        IAPADH=(uchar)((Addr>>8)&0X3F);   //写入地址的高5位
  46   1        IAPADL=(uchar)Addr;               //写入地址的低8位
  47   1        
  48   1        IAPADE=IapTotal;  //IapTotal=0x00：选择ROM区操作  IapTotal=0x02：选择EEPROM区操作
  49   1        IAPKEY=240;      //IAP开启保护控制时间
  50   1        IAPCTL=0x06;     //CPU hold time为2ms，写入操作命令
  51   1        _nop_();
  52   1        _nop_();
  53   1        _nop_();
  54   1        _nop_();
C51 COMPILER V9.55   IAP_INIT                                                              03/07/2018 11:25:00 PAGE 2   

  55   1        _nop_();
  56   1        _nop_();
  57   1        _nop_();
  58   1        _nop_();
  59   1        EA = 1;
  60   1      }
  61          //IAP读操作
  62          uchar IAPRead(uint Addr,uchar IapTotal)
  63          {
  64   1        IAPADE=IapTotal;
  65   1        return (*(IapAddr+Addr)); 
  66   1      }


MODULE INFORMATION:   STATIC OVERLAYABLE
   CODE SIZE        =     89    ----
   CONSTANT SIZE    =   ----    ----
   XDATA SIZE       =   ----    ----
   PDATA SIZE       =   ----    ----
   DATA SIZE        =      3       5
   IDATA SIZE       =   ----    ----
   BIT SIZE         =   ----    ----
END OF MODULE INFORMATION.


C51 COMPILATION COMPLETE.  0 WARNING(S),  0 ERROR(S)
