C51 COMPILER V9.59.0.0   IO_INIT                                                           06/22/2018 11:58:50 PAGE 1   


C51 COMPILER V9.59.0.0, COMPILATION OF MODULE IO_INIT
OBJECT MODULE PLACED IN IO_Init.obj
COMPILER INVOKED BY: D:\keil4\C51\BIN\C51.EXE c\IO_Init.c OPTIMIZE(8,SPEED) BROWSE DEBUG OBJECTEXTEND PRINT(.\IO_Init.ls
                    -t) TABS(2) OBJECT(IO_Init.obj)

line level    source

   1          #include "H/Function_Init.H"
   2          /*****************************************************
   3          *函数名称：void IO_Init(void)
   4          *函数功能：IO初始化
   5          *入口参数：void
   6          *出口参数：void
   7          *****************************************************/
   8          void IO_Init(void)
   9          {
  10   1        //P0CON = 0xFF;  //设置P0为强推挽IO
  11   1        //P0PH  = 0x00;
  12   1        P1CON = 0xFF;  //设置P1为强推挽IO
  13   1        P1PH  = 0x00;
  14   1        P13 = 1;
  15   1        //P2CON = 0xFF;  //设置P2为强推挽IO
  16   1        //P2PH  = 0x00;
  17   1      }


MODULE INFORMATION:   STATIC OVERLAYABLE
   CODE SIZE        =      9    ----
   CONSTANT SIZE    =   ----    ----
   XDATA SIZE       =   ----    ----
   PDATA SIZE       =   ----    ----
   DATA SIZE        =   ----    ----
   IDATA SIZE       =   ----    ----
   BIT SIZE         =   ----    ----
END OF MODULE INFORMATION.


C51 COMPILATION COMPLETE.  0 WARNING(S),  0 ERROR(S)
