C51 COMPILER V9.55   PWM_INIT                                                              12/28/2017 11:01:50 PAGE 1   


C51 COMPILER V9.55, COMPILATION OF MODULE PWM_INIT
OBJECT MODULE PLACED IN PWM_Init.obj
COMPILER INVOKED BY: C:\Keil_v5\C51\BIN\C51.EXE c\PWM_Init.c OPTIMIZE(8,SPEED) BROWSE DEBUG OBJECTEXTEND PRINT(.\PWM_Ini
                    -t.lst) TABS(2) OBJECT(PWM_Init.obj)

line level    source

   1          #include "H/Function_Init.H"
   2          
   3          unsigned int xdata PWMRD[8]  _at_  0x740;
   4          void PWM_Init(void);
   5          /*****************************************************
   6          *函数名称：void PWM_Test(void)
   7          *函数功能：PWM测试
   8          *入口参数：void
   9          *出口参数：void
  10          *****************************************************/
  11          void PWM_Test(void)
  12          {
  13   1        PWM_Init();
  14   1        while(1)
  15   1        {
  16   2        }
  17   1      }
  18          /*****************************************************
  19          *函数名称：void PWM_Init(void)
  20          *函数功能：PWM初始化
  21          *入口参数：void
  22          *出口参数：void
  23          *****************************************************/
  24          void PWM_Init(void)
  25          {
  26   1        unsigned int i = 0;
  27   1        PWMCON = 0x7F;    //周期设置低8位,200us
  28   1        PWMCFG = 0x8C;    //7:开关  5-4：时钟源选择  3-0：周期设置高4位
  29   1        for(i=0;i<8;i++)
  30   1        { 
  31   2          PWMRD[i] = 0x8640;
  32   2        }
  33   1      }


MODULE INFORMATION:   STATIC OVERLAYABLE
   CODE SIZE        =     50    ----
   CONSTANT SIZE    =   ----    ----
   XDATA SIZE       =   ----    ----
   PDATA SIZE       =   ----    ----
   DATA SIZE        =   ----    ----
   IDATA SIZE       =   ----    ----
   BIT SIZE         =   ----    ----
END OF MODULE INFORMATION.


C51 COMPILATION COMPLETE.  0 WARNING(S),  0 ERROR(S)
