C51 COMPILER V9.59.0.0   SSI_INIT                                                          06/22/2018 11:58:50 PAGE 1   


C51 COMPILER V9.59.0.0, COMPILATION OF MODULE SSI_INIT
OBJECT MODULE PLACED IN SSI_Init.obj
COMPILER INVOKED BY: D:\keil4\C51\BIN\C51.EXE c\SSI_Init.c OPTIMIZE(8,SPEED) BROWSE DEBUG OBJECTEXTEND PRINT(.\SSI_Init.
                    -lst) TABS(2) OBJECT(SSI_Init.obj)

line level    source

   1          #include "H/Function_Init.H"
   2          
   3          
   4          
   5          /*****************************************************
   6          *函数名称：void Uart1_Init(void)
   7          *函数功能：Uart1中断初始化
   8          *入口参数：Freq-主频，baud-波特率
   9          *出口参数：void
  10          *****************************************************/
  11          void Uart1_Init(int Freq,long int baud)
  12          {
  13   1        OTCON = 0xC0;    //串行接口SSI选择Uart1通信
  14   1        SSCON0 = 0x50;   //设置通信方式为模式一，允许接收
  15   1        SSCON1 = Freq*1000000/baud;   //波特率低位控制
  16   1        SSCON2 = (Freq*1000000/baud)>>8;   //波特率高位控制
  17   1        IE1 = 0x01;      //开启SSI中断
  18   1        EA = 1; 
  19   1      }
  20          


MODULE INFORMATION:   STATIC OVERLAYABLE
   CODE SIZE        =     89    ----
   CONSTANT SIZE    =   ----    ----
   XDATA SIZE       =   ----    ----
   PDATA SIZE       =   ----    ----
   DATA SIZE        =   ----       6
   IDATA SIZE       =   ----    ----
   BIT SIZE         =   ----    ----
END OF MODULE INFORMATION.


C51 COMPILATION COMPLETE.  0 WARNING(S),  0 ERROR(S)
