C51 COMPILER V9.55   UART_INIT                                                             12/22/2017 16:45:37 PAGE 1   


C51 COMPILER V9.55, COMPILATION OF MODULE UART_INIT
OBJECT MODULE PLACED IN Uart_Init.obj
COMPILER INVOKED BY: C:\Keil_v5\C51\BIN\C51.EXE c\Uart_Init.c OPTIMIZE(8,SPEED) BROWSE DEBUG OBJECTEXTEND PRINT(.\Uart_I
                    -nit.lst) TABS(2) OBJECT(Uart_Init.obj)

line level    source

   1          #include "H/Function_Init.H"
   2          
   3          void Uart0_Init(long int baud);
   4          bit flag0 = 0; //中断标志位
   5          /*****************************************************
   6          *函数名称：void Uart0_Test(void)
   7          *函数功能：Uart0测试
   8          *入口参数：void
   9          *出口参数：void
  10          *****************************************************/
  11          void Uart0_Test(void)
  12          {
  13   1        Uart0_Init(9600);
  14   1        while(1)
  15   1        {
  16   2          SBUF = 0x55;
  17   2          while(!flag0);
  18   2          flag0 = 0;
  19   2        }
  20   1      }
  21          /*****************************************************
  22          *函数名称：void Uart0_Init(void)
  23          *函数功能：Uart0中断初始化
  24          *入口参数：void
  25          *出口参数：void
  26          *****************************************************/
  27          void Uart0_Init(long int baud)
  28          {
  29   1        SCON |= 0X50;   //设置通信方式为模式一，允许接收
  30   1        TMCON|=0X02;
  31   1        TMOD|=0X20;
  32   1        PCON |= 0X80; //SMOD=1
  33   1        TH1=(16000000/baud)>>8;   //波特率为T1的溢出时间；
  34   1        TL1=16000000/baud;
  35   1        TR1=0;
  36   1        ET1=0;
  37   1        EUART = 1;     //开启Uart0中断
  38   1        EA = 1;
  39   1      }
  40          
  41          /*****************************************************
  42          *函数名称：void UartInt(void) interrupt 4
  43          *函数功能：Uart0中断函数
  44          *入口参数：void
  45          *出口参数：void
  46          *****************************************************/
  47          void UartInt(void) interrupt 4
  48          {
  49   1        if(TI)
  50   1        {
  51   2          TI = 0;     
  52   2        }
  53   1        if(RI)
  54   1        {
C51 COMPILER V9.55   UART_INIT                                                             12/22/2017 16:45:37 PAGE 2   

  55   2          RI = 0; 
  56   2        }
  57   1        flag0 = 1;
  58   1      }
  59          
  60          /*********************************************************
  61          *函数名称：void delay(uint time)
  62          *函数功能：延时函数
  63          *入口参数：time
  64          *出口参数：void 
  65          **********************************************************/
  66          void delay(uint time)
  67          {
  68   1        int i,j;
  69   1        for(i=time; i>0; i--)
  70   1        for(j=0; j<100; j++)
  71   1        ;
  72   1      }


MODULE INFORMATION:   STATIC OVERLAYABLE
   CODE SIZE        =    143    ----
   CONSTANT SIZE    =   ----    ----
   XDATA SIZE       =   ----    ----
   PDATA SIZE       =   ----    ----
   DATA SIZE        =   ----       4
   IDATA SIZE       =   ----    ----
   BIT SIZE         =      1    ----
END OF MODULE INFORMATION.


C51 COMPILATION COMPLETE.  0 WARNING(S),  0 ERROR(S)
